[Running] bash "/home/hpc/Documents/autoformer-original/scripts/ETT_script/Autoformer_ETTh1.sh"
2025-02-12:05:27:51,851 INFO     [utils.py:148] Note: NumExpr detected 48 cores but "NUMEXPR_MAX_THREADS" not set, so enforcing safe limit of 8.
2025-02-12:05:27:51,851 INFO     [utils.py:160] NumExpr defaulting to 8 threads.
Args in experiment:
Namespace(is_training=1, model_id='ETTh1_96_24', model='Autoformer', data='ETTh1', root_path='./dataset/ETT-small/', data_path='ETTh1.csv', features='M', target='OT', freq='h', checkpoints='./checkpoints/', seq_len=96, label_len=48, pred_len=24, bucket_size=4, n_hashes=4, enc_in=7, dec_in=7, c_out=7, d_model=512, n_heads=8, e_layers=2, d_layers=1, d_ff=2048, moving_avg=25, factor=3, distil=True, dropout=0.05, embed='timeF', activation='gelu', output_attention=False, do_predict=False, num_workers=10, itr=1, train_epochs=7, batch_size=32, patience=3, learning_rate=0.0001, des='Exp', loss='mse', lradj='type1', use_amp=False, use_gpu=True, gpu=0, use_multi_gpu=False, devices='0,1,2,3', train_yrs=3, val_yrs=1, test_yrs=1)
Use GPU: cuda:0
>>>>>>>start training : ETTh1_96_24_Autoformer_ETTh1_ftM_sl96_ll48_pl24_dm512_nh8_el2_dl1_df2048_fc3_ebtimeF_dtTrue_Exp_0>>>>>>>>>>>>>>>>>>>>>>>>>>
train 8521
val 2857
test 2857
	iters: 100, epoch: 1 | loss: 0.2603224
	speed: 0.0500s/iter; left time: 88.1759s
	iters: 200, epoch: 1 | loss: 0.3698221
	speed: 0.0388s/iter; left time: 64.4516s
Epoch: 1 cost time: 11.745672225952148
Epoch: 1, Steps: 266 | Train Loss: 0.3473017 Vali Loss: 0.5922939 Test Loss: 0.3816181
Validation loss decreased (inf --> 0.592294).  Saving model ...
Updating learning rate to 0.0001
	iters: 100, epoch: 2 | loss: 0.2996858
	speed: 0.1121s/iter; left time: 167.7410s
	iters: 200, epoch: 2 | loss: 0.2878146
	speed: 0.0421s/iter; left time: 58.8354s
Epoch: 2 cost time: 11.55562162399292
Epoch: 2, Steps: 266 | Train Loss: 0.2884054 Vali Loss: 0.6026415 Test Loss: 0.3879729
EarlyStopping counter: 1 out of 3
Updating learning rate to 5e-05
	iters: 100, epoch: 3 | loss: 0.2371898
	speed: 0.1158s/iter; left time: 142.5476s
	iters: 200, epoch: 3 | loss: 0.2719034
	speed: 0.0388s/iter; left time: 43.9023s
Epoch: 3 cost time: 10.911046743392944
Epoch: 3, Steps: 266 | Train Loss: 0.2542099 Vali Loss: 0.6310210 Test Loss: 0.4004476
EarlyStopping counter: 2 out of 3
Updating learning rate to 2.5e-05
	iters: 100, epoch: 4 | loss: 0.2654110
	speed: 0.1151s/iter; left time: 111.0265s
	iters: 200, epoch: 4 | loss: 0.2460326
	speed: 0.0418s/iter; left time: 36.1510s
Epoch: 4 cost time: 11.70321273803711
Epoch: 4, Steps: 266 | Train Loss: 0.2349548 Vali Loss: 0.6861840 Test Loss: 0.4385270
EarlyStopping counter: 3 out of 3
Early stopping
>>>>>>>testing : ETTh1_96_24_Autoformer_ETTh1_ftM_sl96_ll48_pl24_dm512_nh8_el2_dl1_df2048_fc3_ebtimeF_dtTrue_Exp_0<<<<<<<<<<<<<<<<<<<<<<<<<<<<<<<<<
test 2857
test shape: (2857, 24, 7) (2857, 24, 7)
test shape: (2857, 24, 7) (2857, 24, 7)
model_id: ETTh1_96_24, mse:0.3813643753528595, mae:0.42208024859428406, rmse:0.6175470352172852 mape:10.724039077758789 mspe:49485.42578125

[Done] exited with code=0 in 68.865 seconds

